<?xml version="1.0" encoding="UTF-8"?>
<coverage generated="1572195721851" clover="3.2.0">
  <project timestamp="1572195721851" name="All files">
    <metrics statements="255" coveredstatements="221" conditionals="77" coveredconditionals="54" methods="46" coveredmethods="33" elements="378" coveredelements="308" complexity="0" loc="255" ncloc="255" packages="3" files="11" classes="11"/>
    <package name="data">
      <metrics statements="32" coveredstatements="32" conditionals="0" coveredconditionals="0" methods="0" coveredmethods="0"/>
      <file name="diminishedTriads.ts" path="D:\Code\music-stuff\src\data\diminishedTriads.ts">
        <metrics statements="8" coveredstatements="8" conditionals="0" coveredconditionals="0" methods="0" coveredmethods="0"/>
        <line num="1" count="1" type="stmt"/>
        <line num="2" count="1" type="stmt"/>
        <line num="4" count="1" type="stmt"/>
        <line num="34" count="1" type="stmt"/>
        <line num="64" count="1" type="stmt"/>
        <line num="94" count="1" type="stmt"/>
        <line num="124" count="1" type="stmt"/>
        <line num="142" count="1" type="stmt"/>
      </file>
      <file name="majorCagedChords.ts" path="D:\Code\music-stuff\src\data\majorCagedChords.ts">
        <metrics statements="8" coveredstatements="8" conditionals="0" coveredconditionals="0" methods="0" coveredmethods="0"/>
        <line num="1" count="1" type="stmt"/>
        <line num="2" count="1" type="stmt"/>
        <line num="4" count="1" type="stmt"/>
        <line num="16" count="1" type="stmt"/>
        <line num="28" count="1" type="stmt"/>
        <line num="41" count="1" type="stmt"/>
        <line num="54" count="1" type="stmt"/>
        <line num="65" count="1" type="stmt"/>
      </file>
      <file name="majorTriads.ts" path="D:\Code\music-stuff\src\data\majorTriads.ts">
        <metrics statements="8" coveredstatements="8" conditionals="0" coveredconditionals="0" methods="0" coveredmethods="0"/>
        <line num="1" count="1" type="stmt"/>
        <line num="2" count="1" type="stmt"/>
        <line num="4" count="1" type="stmt"/>
        <line num="34" count="1" type="stmt"/>
        <line num="64" count="1" type="stmt"/>
        <line num="94" count="1" type="stmt"/>
        <line num="124" count="1" type="stmt"/>
        <line num="142" count="1" type="stmt"/>
      </file>
      <file name="minorTriads.ts" path="D:\Code\music-stuff\src\data\minorTriads.ts">
        <metrics statements="8" coveredstatements="8" conditionals="0" coveredconditionals="0" methods="0" coveredmethods="0"/>
        <line num="1" count="2" type="stmt"/>
        <line num="2" count="2" type="stmt"/>
        <line num="4" count="2" type="stmt"/>
        <line num="34" count="2" type="stmt"/>
        <line num="52" count="2" type="stmt"/>
        <line num="70" count="2" type="stmt"/>
        <line num="88" count="2" type="stmt"/>
        <line num="106" count="2" type="stmt"/>
      </file>
    </package>
    <package name="model">
      <metrics statements="198" coveredstatements="166" conditionals="75" coveredconditionals="52" methods="37" coveredmethods="25"/>
      <file name="Chords.ts" path="D:\Code\music-stuff\src\model\Chords.ts">
        <metrics statements="40" coveredstatements="29" conditionals="17" coveredconditionals="10" methods="12" coveredmethods="8"/>
        <line num="1" count="2" type="stmt"/>
        <line num="2" count="2" type="stmt"/>
        <line num="4" count="2" type="stmt"/>
        <line num="5" count="2" type="stmt"/>
        <line num="6" count="2" type="stmt"/>
        <line num="7" count="2" type="stmt"/>
        <line num="8" count="2" type="stmt"/>
        <line num="10" count="2" type="stmt"/>
        <line num="11" count="80" type="stmt"/>
        <line num="14" count="2" type="stmt"/>
        <line num="15" count="2" type="stmt"/>
        <line num="16" count="14" type="stmt"/>
        <line num="17" count="14" type="stmt"/>
        <line num="18" count="14" type="stmt"/>
        <line num="26" count="2" type="stmt"/>
        <line num="27" count="60" type="cond" truecount="3" falsecount="0"/>
        <line num="30" count="2" type="stmt"/>
        <line num="31" count="38" type="cond" truecount="2" falsecount="0"/>
        <line num="32" count="18" type="stmt"/>
        <line num="33" count="20" type="cond" truecount="2" falsecount="0"/>
        <line num="34" count="18" type="stmt"/>
        <line num="35" count="2" type="cond" truecount="1" falsecount="1"/>
        <line num="36" count="2" type="stmt"/>
        <line num="38" count="0" type="stmt"/>
        <line num="41" count="2" type="stmt"/>
        <line num="42" count="24" type="stmt"/>
        <line num="45" count="72" type="cond" truecount="2" falsecount="0"/>
        <line num="46" count="72" type="stmt"/>
        <line num="53" count="2" type="cond" truecount="0" falsecount="1"/>
        <line num="54" count="0" type="stmt"/>
        <line num="55" count="0" type="stmt"/>
        <line num="56" count="0" type="stmt"/>
        <line num="57" count="0" type="stmt"/>
        <line num="58" count="0" type="cond" truecount="0" falsecount="5"/>
        <line num="59" count="0" type="stmt"/>
        <line num="61" count="0" type="stmt"/>
        <line num="65" count="0" type="stmt"/>
        <line num="71" count="0" type="stmt"/>
        <line num="74" count="2" type="stmt"/>
        <line num="75" count="0" type="stmt"/>
      </file>
      <file name="Keys.ts" path="D:\Code\music-stuff\src\model\Keys.ts">
        <metrics statements="29" coveredstatements="16" conditionals="10" coveredconditionals="1" methods="7" coveredmethods="1"/>
        <line num="1" count="2" type="stmt"/>
        <line num="2" count="2" type="stmt"/>
        <line num="3" count="2" type="stmt"/>
        <line num="4" count="2" type="stmt"/>
        <line num="5" count="2" type="stmt"/>
        <line num="7" count="2" type="stmt"/>
        <line num="8" count="0" type="stmt"/>
        <line num="11" count="2" type="stmt"/>
        <line num="12" count="0" type="stmt"/>
        <line num="14" count="0" type="stmt"/>
        <line num="16" count="0" type="stmt"/>
        <line num="18" count="0" type="stmt"/>
        <line num="20" count="0" type="stmt"/>
        <line num="24" count="2" type="stmt"/>
        <line num="25" count="0" type="stmt"/>
        <line num="28" count="2" type="stmt"/>
        <line num="29" count="0" type="stmt"/>
        <line num="32" count="2" type="stmt"/>
        <line num="33" count="546" type="stmt"/>
        <line num="34" count="546" type="stmt"/>
        <line num="35" count="546" type="cond" truecount="1" falsecount="1"/>
        <line num="36" count="546" type="stmt"/>
        <line num="41" count="0" type="stmt"/>
        <line num="44" count="2" type="stmt"/>
        <line num="45" count="0" type="cond" truecount="0" falsecount="2"/>
        <line num="48" count="2" type="stmt"/>
        <line num="49" count="0" type="cond" truecount="0" falsecount="2"/>
        <line num="50" count="0" type="stmt"/>
        <line num="52" count="0" type="stmt"/>
      </file>
      <file name="Notes.ts" path="D:\Code\music-stuff\src\model\Notes.ts">
        <metrics statements="31" coveredstatements="29" conditionals="14" coveredconditionals="14" methods="5" coveredmethods="3"/>
        <line num="1" count="5" type="stmt"/>
        <line num="2" count="5" type="stmt"/>
        <line num="3" count="5" type="stmt"/>
        <line num="4" count="5" type="stmt"/>
        <line num="6" count="5" type="stmt"/>
        <line num="7" count="2103" type="cond" truecount="2" falsecount="0"/>
        <line num="8" count="4" type="stmt"/>
        <line num="10" count="2099" type="stmt"/>
        <line num="12" count="1" type="stmt"/>
        <line num="14" count="1" type="stmt"/>
        <line num="16" count="1" type="stmt"/>
        <line num="18" count="1" type="stmt"/>
        <line num="20" count="1" type="stmt"/>
        <line num="22" count="2" type="stmt"/>
        <line num="24" count="1" type="stmt"/>
        <line num="26" count="1" type="stmt"/>
        <line num="28" count="1" type="stmt"/>
        <line num="30" count="2089" type="stmt"/>
        <line num="34" count="5" type="stmt"/>
        <line num="35" count="710" type="stmt"/>
        <line num="36" count="710" type="stmt"/>
        <line num="37" count="710" type="cond" truecount="2" falsecount="0"/>
        <line num="38" count="710" type="stmt"/>
        <line num="39" count="710" type="stmt"/>
        <line num="42" count="5" type="stmt"/>
        <line num="43" count="6" type="stmt"/>
        <line num="44" count="6" type="stmt"/>
        <line num="47" count="5" type="stmt"/>
        <line num="48" count="0" type="stmt"/>
        <line num="51" count="5" type="stmt"/>
        <line num="52" count="0" type="stmt"/>
      </file>
      <file name="Scales.ts" path="D:\Code\music-stuff\src\model\Scales.ts">
        <metrics statements="31" coveredstatements="27" conditionals="7" coveredconditionals="3" methods="5" coveredmethods="5"/>
        <line num="1" count="5" type="stmt"/>
        <line num="2" count="5" type="stmt"/>
        <line num="4" count="5" type="stmt"/>
        <line num="19" count="5" type="stmt"/>
        <line num="20" count="2066" type="stmt"/>
        <line num="21" count="2066" type="stmt"/>
        <line num="22" count="2066" type="stmt"/>
        <line num="23" count="2066" type="stmt"/>
        <line num="24" count="2066" type="stmt"/>
        <line num="27" count="35" type="stmt"/>
        <line num="28" count="615" type="stmt"/>
        <line num="29" count="4305" type="stmt"/>
        <line num="30" count="615" type="stmt"/>
        <line num="33" count="5" type="stmt"/>
        <line num="34" count="5" type="stmt"/>
        <line num="35" count="5" type="stmt"/>
        <line num="36" count="5" type="stmt"/>
        <line num="37" count="5" type="stmt"/>
        <line num="38" count="5" type="stmt"/>
        <line num="39" count="5" type="stmt"/>
        <line num="41" count="5" type="stmt"/>
        <line num="42" count="5" type="stmt"/>
        <line num="44" count="5" type="stmt"/>
        <line num="45" count="546" type="stmt"/>
        <line num="47" count="150" type="stmt"/>
        <line num="49" count="0" type="stmt"/>
        <line num="51" count="0" type="stmt"/>
        <line num="53" count="0" type="stmt"/>
        <line num="55" count="0" type="stmt"/>
        <line num="57" count="288" type="stmt"/>
        <line num="59" count="108" type="stmt"/>
      </file>
      <file name="Strings.ts" path="D:\Code\music-stuff\src\model\Strings.ts">
        <metrics statements="19" coveredstatements="17" conditionals="17" coveredconditionals="14" methods="3" coveredmethods="3"/>
        <line num="1" count="3" type="stmt"/>
        <line num="2" count="3" type="stmt"/>
        <line num="4" count="3" type="stmt"/>
        <line num="5" count="72" type="stmt"/>
        <line num="7" count="12" type="stmt"/>
        <line num="9" count="24" type="stmt"/>
        <line num="11" count="24" type="stmt"/>
        <line num="13" count="12" type="stmt"/>
        <line num="16" count="0" type="stmt"/>
        <line num="18" count="0" type="stmt"/>
        <line num="22" count="3" type="stmt"/>
        <line num="23" count="628" type="stmt"/>
        <line num="27" count="114" type="stmt"/>
        <line num="30" count="110" type="stmt"/>
        <line num="33" count="152" type="stmt"/>
        <line num="36" count="152" type="stmt"/>
        <line num="38" count="100" type="stmt"/>
        <line num="42" count="3" type="stmt"/>
        <line num="43" count="618" type="stmt"/>
      </file>
      <file name="models.ts" path="D:\Code\music-stuff\src\model\models.ts">
        <metrics statements="48" coveredstatements="48" conditionals="10" coveredconditionals="10" methods="5" coveredmethods="5"/>
        <line num="1" count="5" type="cond" truecount="2" falsecount="0"/>
        <line num="2" count="5" type="stmt"/>
        <line num="3" count="5" type="stmt"/>
        <line num="4" count="5" type="stmt"/>
        <line num="5" count="5" type="stmt"/>
        <line num="6" count="5" type="stmt"/>
        <line num="7" count="5" type="stmt"/>
        <line num="10" count="5" type="cond" truecount="2" falsecount="0"/>
        <line num="11" count="5" type="stmt"/>
        <line num="12" count="5" type="stmt"/>
        <line num="13" count="5" type="stmt"/>
        <line num="14" count="5" type="stmt"/>
        <line num="19" count="5" type="cond" truecount="2" falsecount="0"/>
        <line num="20" count="5" type="stmt"/>
        <line num="21" count="5" type="stmt"/>
        <line num="22" count="5" type="stmt"/>
        <line num="23" count="5" type="stmt"/>
        <line num="24" count="5" type="stmt"/>
        <line num="25" count="5" type="stmt"/>
        <line num="26" count="5" type="stmt"/>
        <line num="27" count="5" type="stmt"/>
        <line num="28" count="5" type="stmt"/>
        <line num="29" count="5" type="stmt"/>
        <line num="30" count="5" type="stmt"/>
        <line num="31" count="5" type="stmt"/>
        <line num="32" count="5" type="stmt"/>
        <line num="33" count="5" type="stmt"/>
        <line num="34" count="5" type="stmt"/>
        <line num="35" count="5" type="stmt"/>
        <line num="36" count="5" type="stmt"/>
        <line num="37" count="5" type="stmt"/>
        <line num="38" count="5" type="stmt"/>
        <line num="39" count="5" type="stmt"/>
        <line num="40" count="5" type="stmt"/>
        <line num="43" count="5" type="cond" truecount="2" falsecount="0"/>
        <line num="44" count="5" type="stmt"/>
        <line num="45" count="5" type="stmt"/>
        <line num="46" count="5" type="stmt"/>
        <line num="47" count="5" type="stmt"/>
        <line num="48" count="5" type="stmt"/>
        <line num="49" count="5" type="stmt"/>
        <line num="50" count="5" type="stmt"/>
        <line num="64" count="5" type="cond" truecount="2" falsecount="0"/>
        <line num="65" count="5" type="stmt"/>
        <line num="66" count="5" type="stmt"/>
        <line num="105" count="5" type="stmt"/>
        <line num="129" count="5" type="stmt"/>
        <line num="131" count="5" type="stmt"/>
      </file>
    </package>
    <package name="test">
      <metrics statements="25" coveredstatements="23" conditionals="2" coveredconditionals="2" methods="9" coveredmethods="8"/>
      <file name="testUtils.ts" path="D:\Code\music-stuff\src\test\testUtils.ts">
        <metrics statements="25" coveredstatements="23" conditionals="2" coveredconditionals="2" methods="9" coveredmethods="8"/>
        <line num="2" count="2" type="stmt"/>
        <line num="3" count="2" type="stmt"/>
        <line num="4" count="2" type="stmt"/>
        <line num="6" count="2" type="stmt"/>
        <line num="7" count="0" type="stmt"/>
        <line num="8" count="0" type="stmt"/>
        <line num="11" count="195" type="stmt"/>
        <line num="12" count="546" type="stmt"/>
        <line num="13" count="546" type="cond" truecount="2" falsecount="0"/>
        <line num="16" count="2" type="stmt"/>
        <line num="17" count="41" type="stmt"/>
        <line num="19" count="41" type="stmt"/>
        <line num="20" count="41" type="stmt"/>
        <line num="21" count="41" type="stmt"/>
        <line num="23" count="41" type="stmt"/>
        <line num="24" count="41" type="stmt"/>
        <line num="25" count="41" type="stmt"/>
        <line num="29" count="2" type="stmt"/>
        <line num="30" count="12" type="stmt"/>
        <line num="31" count="12" type="stmt"/>
        <line num="32" count="12" type="stmt"/>
        <line num="34" count="12" type="stmt"/>
        <line num="35" count="12" type="stmt"/>
        <line num="37" count="12" type="stmt"/>
        <line num="38" count="12" type="stmt"/>
      </file>
    </package>
  </project>
</coverage>
