{"D:\\Code\\music-stuff\\src\\data\\diminishedTriads.ts": {"path":"D:\\Code\\music-stuff\\src\\data\\diminishedTriads.ts","statementMap":{"0":{"start":{"line":1,"column":0},"end":{"line":1,"column":73}},"1":{"start":{"line":2,"column":0},"end":{"line":2,"column":65}},"2":{"start":{"line":4,"column":13},"end":{"line":32,"column":null}},"3":{"start":{"line":34,"column":13},"end":{"line":62,"column":null}},"4":{"start":{"line":64,"column":13},"end":{"line":92,"column":null}},"5":{"start":{"line":94,"column":13},"end":{"line":122,"column":null}},"6":{"start":{"line":124,"column":13},"end":{"line":140,"column":null}},"7":{"start":{"line":142,"column":13},"end":{"line":150,"column":null}}},"fnMap":{},"branchMap":{},"s":{"0":1,"1":1,"2":1,"3":1,"4":1,"5":1,"6":1,"7":1},"f":{},"b":{}}
,"D:\\Code\\music-stuff\\src\\data\\majorCagedChords.ts": {"path":"D:\\Code\\music-stuff\\src\\data\\majorCagedChords.ts","statementMap":{"0":{"start":{"line":1,"column":0},"end":{"line":1,"column":73}},"1":{"start":{"line":2,"column":0},"end":{"line":2,"column":46}},"2":{"start":{"line":4,"column":13},"end":{"line":14,"column":null}},"3":{"start":{"line":16,"column":13},"end":{"line":26,"column":null}},"4":{"start":{"line":28,"column":13},"end":{"line":39,"column":null}},"5":{"start":{"line":41,"column":13},"end":{"line":52,"column":null}},"6":{"start":{"line":54,"column":13},"end":{"line":63,"column":null}},"7":{"start":{"line":65,"column":13},"end":{"line":65,"column":null}}},"fnMap":{},"branchMap":{},"s":{"0":1,"1":1,"2":1,"3":1,"4":1,"5":1,"6":1,"7":1},"f":{},"b":{}}
,"D:\\Code\\music-stuff\\src\\data\\majorTriads.ts": {"path":"D:\\Code\\music-stuff\\src\\data\\majorTriads.ts","statementMap":{"0":{"start":{"line":1,"column":0},"end":{"line":1,"column":73}},"1":{"start":{"line":2,"column":0},"end":{"line":2,"column":65}},"2":{"start":{"line":4,"column":13},"end":{"line":32,"column":null}},"3":{"start":{"line":34,"column":13},"end":{"line":62,"column":null}},"4":{"start":{"line":64,"column":13},"end":{"line":92,"column":null}},"5":{"start":{"line":94,"column":13},"end":{"line":122,"column":null}},"6":{"start":{"line":124,"column":13},"end":{"line":140,"column":null}},"7":{"start":{"line":142,"column":13},"end":{"line":150,"column":null}}},"fnMap":{},"branchMap":{},"s":{"0":1,"1":1,"2":1,"3":1,"4":1,"5":1,"6":1,"7":1},"f":{},"b":{}}
,"D:\\Code\\music-stuff\\src\\data\\minorTriads.ts": {"path":"D:\\Code\\music-stuff\\src\\data\\minorTriads.ts","statementMap":{"0":{"start":{"line":1,"column":0},"end":{"line":1,"column":73}},"1":{"start":{"line":2,"column":0},"end":{"line":2,"column":65}},"2":{"start":{"line":4,"column":13},"end":{"line":32,"column":null}},"3":{"start":{"line":34,"column":13},"end":{"line":50,"column":null}},"4":{"start":{"line":52,"column":13},"end":{"line":68,"column":null}},"5":{"start":{"line":70,"column":13},"end":{"line":86,"column":null}},"6":{"start":{"line":88,"column":13},"end":{"line":104,"column":null}},"7":{"start":{"line":106,"column":13},"end":{"line":114,"column":null}}},"fnMap":{},"branchMap":{},"s":{"0":2,"1":2,"2":2,"3":2,"4":2,"5":2,"6":2,"7":2},"f":{},"b":{}}
,"D:\\Code\\music-stuff\\src\\model\\Chords.ts": {"path":"D:\\Code\\music-stuff\\src\\model\\Chords.ts","statementMap":{"0":{"start":{"line":1,"column":0},"end":{"line":1,"column":32}},"1":{"start":{"line":2,"column":0},"end":{"line":2,"column":76}},"2":{"start":{"line":4,"column":0},"end":{"line":4,"column":51}},"3":{"start":{"line":5,"column":0},"end":{"line":5,"column":41}},"4":{"start":{"line":6,"column":0},"end":{"line":6,"column":109}},"5":{"start":{"line":7,"column":0},"end":{"line":7,"column":43}},"6":{"start":{"line":8,"column":0},"end":{"line":8,"column":41}},"7":{"start":{"line":11,"column":2},"end":{"line":11,"column":null}},"8":{"start":{"line":10,"column":0},"end":{"line":10,"column":16}},"9":{"start":{"line":15,"column":2},"end":{"line":23,"column":null}},"10":{"start":{"line":16,"column":18},"end":{"line":16,"column":52}},"11":{"start":{"line":17,"column":18},"end":{"line":17,"column":52}},"12":{"start":{"line":18,"column":4},"end":{"line":22,"column":null}},"13":{"start":{"line":14,"column":0},"end":{"line":14,"column":16}},"14":{"start":{"line":27,"column":2},"end":{"line":27,"column":null}},"15":{"start":{"line":26,"column":0},"end":{"line":26,"column":16}},"16":{"start":{"line":31,"column":2},"end":{"line":37,"column":null}},"17":{"start":{"line":32,"column":4},"end":{"line":32,"column":null}},"18":{"start":{"line":33,"column":9},"end":{"line":37,"column":null}},"19":{"start":{"line":34,"column":4},"end":{"line":34,"column":null}},"20":{"start":{"line":35,"column":9},"end":{"line":37,"column":null}},"21":{"start":{"line":36,"column":4},"end":{"line":36,"column":null}},"22":{"start":{"line":38,"column":2},"end":{"line":38,"column":null}},"23":{"start":{"line":30,"column":0},"end":{"line":30,"column":16}},"24":{"start":{"line":42,"column":2},"end":{"line":49,"column":null}},"25":{"start":{"line":45,"column":24},"end":{"line":45,"column":89}},"26":{"start":{"line":46,"column":21},"end":{"line":48,"column":null}},"27":{"start":{"line":41,"column":0},"end":{"line":41,"column":16}},"28":{"start":{"line":54,"column":25},"end":{"line":54,"column":48}},"29":{"start":{"line":55,"column":25},"end":{"line":55,"column":77}},"30":{"start":{"line":56,"column":21},"end":{"line":56,"column":60}},"31":{"start":{"line":56,"column":50},"end":{"line":56,"column":59}},"32":{"start":{"line":57,"column":14},"end":{"line":57,"column":52}},"33":{"start":{"line":58,"column":2},"end":{"line":60,"column":null}},"34":{"start":{"line":59,"column":4},"end":{"line":59,"column":null}},"35":{"start":{"line":61,"column":18},"end":{"line":69,"column":null}},"36":{"start":{"line":65,"column":30},"end":{"line":68,"column":8}},"37":{"start":{"line":71,"column":2},"end":{"line":71,"column":null}},"38":{"start":{"line":53,"column":0},"end":{"line":53,"column":16}},"39":{"start":{"line":75,"column":2},"end":{"line":75,"column":null}},"40":{"start":{"line":74,"column":0},"end":{"line":74,"column":16}}},"fnMap":{"0":{"name":"getChordNote","decl":{"start":{"line":10,"column":16},"end":{"line":10,"column":28}},"loc":{"start":{"line":10,"column":60},"end":{"line":12,"column":1}}},"1":{"name":"getScaleChords","decl":{"start":{"line":14,"column":16},"end":{"line":14,"column":30}},"loc":{"start":{"line":14,"column":44},"end":{"line":24,"column":1}}},"2":{"name":"(anonymous_3)","decl":{"start":{"line":15,"column":19},"end":{"line":15,"column":20}},"loc":{"start":{"line":15,"column":50},"end":{"line":23,"column":3}}},"3":{"name":"isParentScale","decl":{"start":{"line":26,"column":16},"end":{"line":26,"column":29}},"loc":{"start":{"line":26,"column":81},"end":{"line":28,"column":1}}},"4":{"name":"getChordKey","decl":{"start":{"line":30,"column":16},"end":{"line":30,"column":27}},"loc":{"start":{"line":30,"column":64},"end":{"line":39,"column":1}}},"5":{"name":"getBassChordShape","decl":{"start":{"line":41,"column":16},"end":{"line":41,"column":33}},"loc":{"start":{"line":41,"column":57},"end":{"line":51,"column":1}}},"6":{"name":"(anonymous_7)","decl":{"start":{"line":45,"column":14},"end":{"line":45,"column":15}},"loc":{"start":{"line":45,"column":24},"end":{"line":45,"column":89}}},"7":{"name":"(anonymous_8)","decl":{"start":{"line":46,"column":11},"end":{"line":46,"column":12}},"loc":{"start":{"line":46,"column":21},"end":{"line":48,"column":null}}},"8":{"name":"moveChordShape","decl":{"start":{"line":53,"column":16},"end":{"line":53,"column":30}},"loc":{"start":{"line":53,"column":94},"end":{"line":72,"column":1}}},"9":{"name":"(anonymous_10)","decl":{"start":{"line":56,"column":40},"end":{"line":56,"column":41}},"loc":{"start":{"line":56,"column":50},"end":{"line":56,"column":59}}},"10":{"name":"(anonymous_11)","decl":{"start":{"line":65,"column":6},"end":{"line":65,"column":7}},"loc":{"start":{"line":65,"column":30},"end":{"line":68,"column":8}}},"11":{"name":"getChordKeyName","decl":{"start":{"line":74,"column":16},"end":{"line":74,"column":31}},"loc":{"start":{"line":74,"column":40},"end":{"line":76,"column":1}}}},"branchMap":{"0":{"loc":{"start":{"line":27,"column":9},"end":{"line":27,"column":26}},"type":"binary-expr","locations":[{"start":{"line":27,"column":9},"end":{"line":27,"column":26}},{"start":{"line":27,"column":30},"end":{"line":27,"column":48}},{"start":{"line":27,"column":52},"end":{"line":27,"column":70}}]},"1":{"loc":{"start":{"line":31,"column":2},"end":{"line":37,"column":null}},"type":"if","locations":[{"start":{"line":31,"column":2},"end":{"line":37,"column":null}},{"start":{"line":31,"column":2},"end":{"line":37,"column":null}}]},"2":{"loc":{"start":{"line":33,"column":9},"end":{"line":37,"column":null}},"type":"if","locations":[{"start":{"line":33,"column":9},"end":{"line":37,"column":null}},{"start":{"line":33,"column":9},"end":{"line":37,"column":null}}]},"3":{"loc":{"start":{"line":35,"column":9},"end":{"line":37,"column":null}},"type":"if","locations":[{"start":{"line":35,"column":9},"end":{"line":37,"column":null}},{"start":{"line":35,"column":9},"end":{"line":37,"column":null}}]},"4":{"loc":{"start":{"line":45,"column":24},"end":{"line":45,"column":55}},"type":"binary-expr","locations":[{"start":{"line":45,"column":24},"end":{"line":45,"column":55}},{"start":{"line":45,"column":59},"end":{"line":45,"column":89}}]},"5":{"loc":{"start":{"line":53,"column":90},"end":{"line":53,"column":94}},"type":"default-arg","locations":[{"start":{"line":53,"column":90},"end":{"line":53,"column":94}}]},"6":{"loc":{"start":{"line":58,"column":2},"end":{"line":60,"column":null}},"type":"if","locations":[{"start":{"line":58,"column":2},"end":{"line":60,"column":null}},{"start":{"line":58,"column":2},"end":{"line":60,"column":null}}]},"7":{"loc":{"start":{"line":58,"column":6},"end":{"line":58,"column":17}},"type":"binary-expr","locations":[{"start":{"line":58,"column":6},"end":{"line":58,"column":17}},{"start":{"line":58,"column":21},"end":{"line":58,"column":42}},{"start":{"line":58,"column":46},"end":{"line":58,"column":63}}]}},"s":{"0":2,"1":2,"2":2,"3":2,"4":2,"5":2,"6":2,"7":80,"8":2,"9":2,"10":14,"11":14,"12":14,"13":2,"14":60,"15":2,"16":38,"17":18,"18":20,"19":18,"20":2,"21":2,"22":0,"23":2,"24":24,"25":72,"26":72,"27":2,"28":0,"29":0,"30":0,"31":0,"32":0,"33":0,"34":0,"35":0,"36":0,"37":0,"38":2,"39":0,"40":2},"f":{"0":80,"1":2,"2":14,"3":60,"4":38,"5":24,"6":72,"7":72,"8":0,"9":0,"10":0,"11":0},"b":{"0":[60,60,40],"1":[18,20],"2":[18,2],"3":[2,0],"4":[72,72],"5":[0],"6":[0,0],"7":[0,0,0]}}
,"D:\\Code\\music-stuff\\src\\model\\Keys.ts": {"path":"D:\\Code\\music-stuff\\src\\model\\Keys.ts","statementMap":{"0":{"start":{"line":1,"column":0},"end":{"line":1,"column":34}},"1":{"start":{"line":2,"column":0},"end":{"line":2,"column":34}},"2":{"start":{"line":3,"column":0},"end":{"line":3,"column":32}},"3":{"start":{"line":4,"column":0},"end":{"line":4,"column":75}},"4":{"start":{"line":5,"column":0},"end":{"line":5,"column":35}},"5":{"start":{"line":8,"column":2},"end":{"line":8,"column":null}},"6":{"start":{"line":7,"column":0},"end":{"line":7,"column":16}},"7":{"start":{"line":12,"column":2},"end":{"line":21,"column":null}},"8":{"start":{"line":14,"column":6},"end":{"line":14,"column":null}},"9":{"start":{"line":16,"column":6},"end":{"line":16,"column":null}},"10":{"start":{"line":18,"column":6},"end":{"line":18,"column":null}},"11":{"start":{"line":20,"column":6},"end":{"line":20,"column":null}},"12":{"start":{"line":11,"column":0},"end":{"line":11,"column":16}},"13":{"start":{"line":25,"column":2},"end":{"line":25,"column":null}},"14":{"start":{"line":24,"column":0},"end":{"line":24,"column":16}},"15":{"start":{"line":29,"column":2},"end":{"line":29,"column":null}},"16":{"start":{"line":28,"column":0},"end":{"line":28,"column":16}},"17":{"start":{"line":33,"column":16},"end":{"line":33,"column":29}},"18":{"start":{"line":34,"column":16},"end":{"line":34,"column":35}},"19":{"start":{"line":35,"column":2},"end":{"line":40,"column":null}},"20":{"start":{"line":36,"column":4},"end":{"line":39,"column":null}},"21":{"start":{"line":41,"column":2},"end":{"line":41,"column":null}},"22":{"start":{"line":32,"column":0},"end":{"line":32,"column":16}},"23":{"start":{"line":45,"column":2},"end":{"line":45,"column":null}},"24":{"start":{"line":44,"column":0},"end":{"line":44,"column":16}},"25":{"start":{"line":49,"column":2},"end":{"line":51,"column":null}},"26":{"start":{"line":50,"column":4},"end":{"line":50,"column":null}},"27":{"start":{"line":52,"column":2},"end":{"line":52,"column":null}},"28":{"start":{"line":48,"column":0},"end":{"line":48,"column":16}}},"fnMap":{"0":{"name":"getKeyTypeName","decl":{"start":{"line":7,"column":16},"end":{"line":7,"column":30}},"loc":{"start":{"line":7,"column":44},"end":{"line":9,"column":1}}},"1":{"name":"getChordTypeName","decl":{"start":{"line":11,"column":16},"end":{"line":11,"column":32}},"loc":{"start":{"line":11,"column":46},"end":{"line":22,"column":1}}},"2":{"name":"getKeyName","decl":{"start":{"line":24,"column":16},"end":{"line":24,"column":26}},"loc":{"start":{"line":24,"column":46},"end":{"line":26,"column":1}}},"3":{"name":"getRandomKeyType","decl":{"start":{"line":28,"column":16},"end":{"line":28,"column":32}},"loc":{"start":{"line":28,"column":32},"end":{"line":30,"column":1}}},"4":{"name":"getScaleDegree","decl":{"start":{"line":32,"column":16},"end":{"line":32,"column":30}},"loc":{"start":{"line":32,"column":51},"end":{"line":42,"column":1}}},"5":{"name":"isRootScaleDegree","decl":{"start":{"line":44,"column":16},"end":{"line":44,"column":33}},"loc":{"start":{"line":44,"column":54},"end":{"line":46,"column":1}}},"6":{"name":"getScaleDegreeName","decl":{"start":{"line":48,"column":16},"end":{"line":48,"column":34}},"loc":{"start":{"line":48,"column":55},"end":{"line":53,"column":1}}}},"branchMap":{"0":{"loc":{"start":{"line":13,"column":4},"end":{"line":14,"column":null}},"type":"switch","locations":[{"start":{"line":13,"column":4},"end":{"line":14,"column":null}},{"start":{"line":15,"column":4},"end":{"line":16,"column":null}},{"start":{"line":17,"column":4},"end":{"line":18,"column":null}},{"start":{"line":19,"column":4},"end":{"line":20,"column":null}}]},"1":{"loc":{"start":{"line":35,"column":2},"end":{"line":40,"column":null}},"type":"if","locations":[{"start":{"line":35,"column":2},"end":{"line":40,"column":null}},{"start":{"line":35,"column":2},"end":{"line":40,"column":null}}]},"2":{"loc":{"start":{"line":45,"column":9},"end":{"line":45,"column":28}},"type":"binary-expr","locations":[{"start":{"line":45,"column":9},"end":{"line":45,"column":28}},{"start":{"line":45,"column":32},"end":{"line":45,"column":54}}]},"3":{"loc":{"start":{"line":49,"column":2},"end":{"line":51,"column":null}},"type":"if","locations":[{"start":{"line":49,"column":2},"end":{"line":51,"column":null}},{"start":{"line":49,"column":2},"end":{"line":51,"column":null}}]}},"s":{"0":2,"1":2,"2":2,"3":2,"4":2,"5":0,"6":2,"7":0,"8":0,"9":0,"10":0,"11":0,"12":2,"13":0,"14":2,"15":0,"16":2,"17":546,"18":546,"19":546,"20":546,"21":0,"22":2,"23":0,"24":2,"25":0,"26":0,"27":0,"28":2},"f":{"0":0,"1":0,"2":0,"3":0,"4":546,"5":0,"6":0},"b":{"0":[0,0,0,0],"1":[546,0],"2":[0,0],"3":[0,0]}}
,"D:\\Code\\music-stuff\\src\\model\\Notes.ts": {"path":"D:\\Code\\music-stuff\\src\\model\\Notes.ts","statementMap":{"0":{"start":{"line":1,"column":0},"end":{"line":1,"column":34}},"1":{"start":{"line":2,"column":0},"end":{"line":2,"column":34}},"2":{"start":{"line":3,"column":0},"end":{"line":3,"column":38}},"3":{"start":{"line":4,"column":0},"end":{"line":4,"column":44}},"4":{"start":{"line":7,"column":2},"end":{"line":9,"column":null}},"5":{"start":{"line":8,"column":4},"end":{"line":8,"column":null}},"6":{"start":{"line":10,"column":2},"end":{"line":31,"column":null}},"7":{"start":{"line":12,"column":6},"end":{"line":12,"column":null}},"8":{"start":{"line":14,"column":6},"end":{"line":14,"column":null}},"9":{"start":{"line":16,"column":6},"end":{"line":16,"column":null}},"10":{"start":{"line":18,"column":6},"end":{"line":18,"column":null}},"11":{"start":{"line":20,"column":6},"end":{"line":20,"column":null}},"12":{"start":{"line":22,"column":6},"end":{"line":22,"column":null}},"13":{"start":{"line":24,"column":6},"end":{"line":24,"column":null}},"14":{"start":{"line":26,"column":6},"end":{"line":26,"column":null}},"15":{"start":{"line":28,"column":6},"end":{"line":28,"column":null}},"16":{"start":{"line":30,"column":6},"end":{"line":30,"column":null}},"17":{"start":{"line":6,"column":0},"end":{"line":6,"column":16}},"18":{"start":{"line":35,"column":16},"end":{"line":35,"column":39}},"19":{"start":{"line":36,"column":25},"end":{"line":36,"column":49}},"20":{"start":{"line":37,"column":17},"end":{"line":37,"column":85}},"21":{"start":{"line":38,"column":28},"end":{"line":38,"column":51}},"22":{"start":{"line":39,"column":2},"end":{"line":39,"column":null}},"23":{"start":{"line":34,"column":0},"end":{"line":34,"column":16}},"24":{"start":{"line":43,"column":16},"end":{"line":43,"column":55}},"25":{"start":{"line":44,"column":2},"end":{"line":44,"column":null}},"26":{"start":{"line":42,"column":0},"end":{"line":42,"column":16}},"27":{"start":{"line":48,"column":2},"end":{"line":48,"column":null}},"28":{"start":{"line":47,"column":0},"end":{"line":47,"column":16}},"29":{"start":{"line":52,"column":2},"end":{"line":52,"column":null}},"30":{"start":{"line":51,"column":0},"end":{"line":51,"column":16}}},"fnMap":{"0":{"name":"getNormalizedNote","decl":{"start":{"line":6,"column":16},"end":{"line":6,"column":33}},"loc":{"start":{"line":6,"column":44},"end":{"line":32,"column":1}}},"1":{"name":"moveNote","decl":{"start":{"line":34,"column":16},"end":{"line":34,"column":24}},"loc":{"start":{"line":34,"column":54},"end":{"line":40,"column":1}}},"2":{"name":"getDistanceBetweenNotes","decl":{"start":{"line":42,"column":16},"end":{"line":42,"column":39}},"loc":{"start":{"line":42,"column":56},"end":{"line":45,"column":1}}},"3":{"name":"getRandomNote","decl":{"start":{"line":47,"column":16},"end":{"line":47,"column":29}},"loc":{"start":{"line":47,"column":29},"end":{"line":49,"column":1}}},"4":{"name":"getExtendedRandomNote","decl":{"start":{"line":51,"column":16},"end":{"line":51,"column":37}},"loc":{"start":{"line":51,"column":37},"end":{"line":53,"column":1}}}},"branchMap":{"0":{"loc":{"start":{"line":7,"column":2},"end":{"line":9,"column":null}},"type":"if","locations":[{"start":{"line":7,"column":2},"end":{"line":9,"column":null}},{"start":{"line":7,"column":2},"end":{"line":9,"column":null}}]},"1":{"loc":{"start":{"line":11,"column":4},"end":{"line":12,"column":null}},"type":"switch","locations":[{"start":{"line":11,"column":4},"end":{"line":12,"column":null}},{"start":{"line":13,"column":4},"end":{"line":14,"column":null}},{"start":{"line":15,"column":4},"end":{"line":16,"column":null}},{"start":{"line":17,"column":4},"end":{"line":18,"column":null}},{"start":{"line":19,"column":4},"end":{"line":20,"column":null}},{"start":{"line":21,"column":4},"end":{"line":22,"column":null}},{"start":{"line":23,"column":4},"end":{"line":24,"column":null}},{"start":{"line":25,"column":4},"end":{"line":26,"column":null}},{"start":{"line":27,"column":4},"end":{"line":28,"column":null}},{"start":{"line":29,"column":4},"end":{"line":30,"column":null}}]},"2":{"loc":{"start":{"line":37,"column":39},"end":{"line":37,"column":53}},"type":"cond-expr","locations":[{"start":{"line":37,"column":39},"end":{"line":37,"column":53}},{"start":{"line":37,"column":56},"end":{"line":37,"column":85}}]}},"s":{"0":5,"1":5,"2":5,"3":5,"4":2103,"5":4,"6":2099,"7":1,"8":1,"9":1,"10":1,"11":1,"12":2,"13":1,"14":1,"15":1,"16":2089,"17":5,"18":710,"19":710,"20":710,"21":710,"22":710,"23":5,"24":6,"25":6,"26":5,"27":0,"28":5,"29":0,"30":5},"f":{"0":2103,"1":710,"2":6,"3":0,"4":0},"b":{"0":[4,2099],"1":[1,1,1,1,1,2,1,1,1,2089],"2":[706,4]}}
,"D:\\Code\\music-stuff\\src\\model\\Scales.ts": {"path":"D:\\Code\\music-stuff\\src\\model\\Scales.ts","statementMap":{"0":{"start":{"line":1,"column":0},"end":{"line":1,"column":45}},"1":{"start":{"line":2,"column":0},"end":{"line":2,"column":43}},"2":{"start":{"line":4,"column":28},"end":{"line":17,"column":null}},"3":{"start":{"line":19,"column":13},"end":{"line":25,"column":null}},"4":{"start":{"line":20,"column":19},"end":{"line":20,"column":42}},"5":{"start":{"line":21,"column":16},"end":{"line":21,"column":53}},"6":{"start":{"line":22,"column":14},"end":{"line":22,"column":49}},"7":{"start":{"line":23,"column":16},"end":{"line":23,"column":48}},"8":{"start":{"line":24,"column":2},"end":{"line":24,"column":null}},"9":{"start":{"line":27,"column":30},"end":{"line":31,"column":1}},"10":{"start":{"line":27,"column":62},"end":{"line":31,"column":1}},"11":{"start":{"line":28,"column":25},"end":{"line":28,"column":48}},"12":{"start":{"line":29,"column":16},"end":{"line":29,"column":70}},"13":{"start":{"line":29,"column":48},"end":{"line":29,"column":69}},"14":{"start":{"line":30,"column":2},"end":{"line":30,"column":null}},"15":{"start":{"line":33,"column":13},"end":{"line":33,"column":null}},"16":{"start":{"line":34,"column":13},"end":{"line":34,"column":null}},"17":{"start":{"line":35,"column":13},"end":{"line":35,"column":null}},"18":{"start":{"line":36,"column":13},"end":{"line":36,"column":null}},"19":{"start":{"line":37,"column":13},"end":{"line":37,"column":null}},"20":{"start":{"line":38,"column":13},"end":{"line":38,"column":null}},"21":{"start":{"line":39,"column":13},"end":{"line":39,"column":null}},"22":{"start":{"line":41,"column":13},"end":{"line":41,"column":null}},"23":{"start":{"line":42,"column":13},"end":{"line":42,"column":null}},"24":{"start":{"line":44,"column":13},"end":{"line":61,"column":null}},"25":{"start":{"line":45,"column":2},"end":{"line":60,"column":null}},"26":{"start":{"line":47,"column":6},"end":{"line":47,"column":null}},"27":{"start":{"line":49,"column":6},"end":{"line":49,"column":null}},"28":{"start":{"line":51,"column":6},"end":{"line":51,"column":null}},"29":{"start":{"line":53,"column":6},"end":{"line":53,"column":null}},"30":{"start":{"line":55,"column":6},"end":{"line":55,"column":null}},"31":{"start":{"line":57,"column":6},"end":{"line":57,"column":null}},"32":{"start":{"line":59,"column":6},"end":{"line":59,"column":null}}},"fnMap":{"0":{"name":"(anonymous_0)","decl":{"start":{"line":19,"column":33},"end":{"line":19,"column":34}},"loc":{"start":{"line":19,"column":56},"end":{"line":25,"column":1}}},"1":{"name":"(anonymous_1)","decl":{"start":{"line":27,"column":30},"end":{"line":27,"column":31}},"loc":{"start":{"line":27,"column":62},"end":{"line":31,"column":1}}},"2":{"name":"(anonymous_2)","decl":{"start":{"line":27,"column":62},"end":{"line":27,"column":63}},"loc":{"start":{"line":27,"column":85},"end":{"line":31,"column":1}}},"3":{"name":"(anonymous_3)","decl":{"start":{"line":29,"column":37},"end":{"line":29,"column":38}},"loc":{"start":{"line":29,"column":48},"end":{"line":29,"column":69}}},"4":{"name":"(anonymous_4)","decl":{"start":{"line":44,"column":24},"end":{"line":44,"column":25}},"loc":{"start":{"line":44,"column":56},"end":{"line":61,"column":1}}}},"branchMap":{"0":{"loc":{"start":{"line":46,"column":4},"end":{"line":47,"column":null}},"type":"switch","locations":[{"start":{"line":46,"column":4},"end":{"line":47,"column":null}},{"start":{"line":48,"column":4},"end":{"line":49,"column":null}},{"start":{"line":50,"column":4},"end":{"line":51,"column":null}},{"start":{"line":52,"column":4},"end":{"line":53,"column":null}},{"start":{"line":54,"column":4},"end":{"line":55,"column":null}},{"start":{"line":56,"column":4},"end":{"line":57,"column":null}},{"start":{"line":58,"column":4},"end":{"line":59,"column":null}}]}},"s":{"0":5,"1":5,"2":5,"3":5,"4":2066,"5":2066,"6":2066,"7":2066,"8":2066,"9":5,"10":35,"11":615,"12":615,"13":4305,"14":615,"15":5,"16":5,"17":5,"18":5,"19":5,"20":5,"21":5,"22":5,"23":5,"24":5,"25":546,"26":150,"27":0,"28":0,"29":0,"30":0,"31":288,"32":108},"f":{"0":2066,"1":35,"2":615,"3":4305,"4":546},"b":{"0":[150,0,0,0,0,288,108]}}
,"D:\\Code\\music-stuff\\src\\model\\Strings.ts": {"path":"D:\\Code\\music-stuff\\src\\model\\Strings.ts","statementMap":{"0":{"start":{"line":1,"column":0},"end":{"line":1,"column":81}},"1":{"start":{"line":2,"column":0},"end":{"line":2,"column":34}},"2":{"start":{"line":5,"column":2},"end":{"line":19,"column":null}},"3":{"start":{"line":7,"column":6},"end":{"line":7,"column":null}},"4":{"start":{"line":9,"column":6},"end":{"line":9,"column":null}},"5":{"start":{"line":11,"column":6},"end":{"line":11,"column":null}},"6":{"start":{"line":13,"column":6},"end":{"line":13,"column":null}},"7":{"start":{"line":16,"column":6},"end":{"line":16,"column":null}},"8":{"start":{"line":18,"column":6},"end":{"line":18,"column":null}},"9":{"start":{"line":4,"column":0},"end":{"line":4,"column":16}},"10":{"start":{"line":23,"column":2},"end":{"line":39,"column":null}},"11":{"start":{"line":27,"column":6},"end":{"line":27,"column":null}},"12":{"start":{"line":30,"column":6},"end":{"line":30,"column":null}},"13":{"start":{"line":33,"column":6},"end":{"line":33,"column":null}},"14":{"start":{"line":36,"column":6},"end":{"line":36,"column":null}},"15":{"start":{"line":38,"column":6},"end":{"line":38,"column":null}},"16":{"start":{"line":22,"column":0},"end":{"line":22,"column":16}},"17":{"start":{"line":43,"column":2},"end":{"line":43,"column":null}},"18":{"start":{"line":42,"column":0},"end":{"line":42,"column":16}}},"fnMap":{"0":{"name":"getBassString","decl":{"start":{"line":4,"column":16},"end":{"line":4,"column":29}},"loc":{"start":{"line":4,"column":47},"end":{"line":20,"column":1}}},"1":{"name":"getStringRootNote","decl":{"start":{"line":22,"column":16},"end":{"line":22,"column":33}},"loc":{"start":{"line":22,"column":51},"end":{"line":40,"column":1}}},"2":{"name":"getNoteOnString","decl":{"start":{"line":42,"column":16},"end":{"line":42,"column":31}},"loc":{"start":{"line":42,"column":61},"end":{"line":44,"column":1}}}},"branchMap":{"0":{"loc":{"start":{"line":6,"column":4},"end":{"line":7,"column":null}},"type":"switch","locations":[{"start":{"line":6,"column":4},"end":{"line":7,"column":null}},{"start":{"line":8,"column":4},"end":{"line":9,"column":null}},{"start":{"line":10,"column":4},"end":{"line":11,"column":null}},{"start":{"line":12,"column":4},"end":{"line":13,"column":null}},{"start":{"line":14,"column":4},"end":{"line":14,"column":24}},{"start":{"line":15,"column":4},"end":{"line":16,"column":null}},{"start":{"line":17,"column":4},"end":{"line":18,"column":null}}]},"1":{"loc":{"start":{"line":24,"column":4},"end":{"line":24,"column":25}},"type":"switch","locations":[{"start":{"line":24,"column":4},"end":{"line":24,"column":25}},{"start":{"line":25,"column":4},"end":{"line":25,"column":25}},{"start":{"line":26,"column":4},"end":{"line":27,"column":null}},{"start":{"line":28,"column":4},"end":{"line":28,"column":24}},{"start":{"line":29,"column":4},"end":{"line":30,"column":null}},{"start":{"line":31,"column":4},"end":{"line":31,"column":24}},{"start":{"line":32,"column":4},"end":{"line":33,"column":null}},{"start":{"line":34,"column":4},"end":{"line":34,"column":24}},{"start":{"line":35,"column":4},"end":{"line":36,"column":null}},{"start":{"line":37,"column":4},"end":{"line":38,"column":null}}]}},"s":{"0":3,"1":3,"2":72,"3":12,"4":24,"5":24,"6":12,"7":0,"8":0,"9":3,"10":628,"11":114,"12":110,"13":152,"14":152,"15":100,"16":3,"17":618,"18":3},"f":{"0":72,"1":628,"2":618},"b":{"0":[12,24,24,12,0,0,0],"1":[55,113,114,110,110,152,152,152,152,100]}}
,"D:\\Code\\music-stuff\\src\\model\\models.ts": {"path":"D:\\Code\\music-stuff\\src\\model\\models.ts","statementMap":{"0":{"start":{"line":1,"column":0},"end":{"line":1,"column":null}},"1":{"start":{"line":2,"column":2},"end":{"line":2,"column":null}},"2":{"start":{"line":3,"column":2},"end":{"line":3,"column":null}},"3":{"start":{"line":4,"column":2},"end":{"line":4,"column":null}},"4":{"start":{"line":5,"column":2},"end":{"line":5,"column":null}},"5":{"start":{"line":6,"column":2},"end":{"line":6,"column":null}},"6":{"start":{"line":7,"column":2},"end":{"line":7,"column":null}},"7":{"start":{"line":10,"column":0},"end":{"line":10,"column":null}},"8":{"start":{"line":11,"column":2},"end":{"line":11,"column":null}},"9":{"start":{"line":12,"column":2},"end":{"line":12,"column":null}},"10":{"start":{"line":13,"column":2},"end":{"line":13,"column":null}},"11":{"start":{"line":14,"column":2},"end":{"line":14,"column":null}},"12":{"start":{"line":19,"column":0},"end":{"line":19,"column":null}},"13":{"start":{"line":20,"column":2},"end":{"line":20,"column":null}},"14":{"start":{"line":21,"column":2},"end":{"line":21,"column":null}},"15":{"start":{"line":22,"column":2},"end":{"line":22,"column":null}},"16":{"start":{"line":23,"column":2},"end":{"line":23,"column":null}},"17":{"start":{"line":24,"column":2},"end":{"line":24,"column":null}},"18":{"start":{"line":25,"column":2},"end":{"line":25,"column":null}},"19":{"start":{"line":26,"column":2},"end":{"line":26,"column":null}},"20":{"start":{"line":27,"column":2},"end":{"line":27,"column":null}},"21":{"start":{"line":28,"column":2},"end":{"line":28,"column":null}},"22":{"start":{"line":29,"column":2},"end":{"line":29,"column":null}},"23":{"start":{"line":30,"column":2},"end":{"line":30,"column":null}},"24":{"start":{"line":31,"column":2},"end":{"line":31,"column":null}},"25":{"start":{"line":32,"column":2},"end":{"line":32,"column":null}},"26":{"start":{"line":33,"column":2},"end":{"line":33,"column":null}},"27":{"start":{"line":34,"column":2},"end":{"line":34,"column":null}},"28":{"start":{"line":35,"column":2},"end":{"line":35,"column":null}},"29":{"start":{"line":36,"column":2},"end":{"line":36,"column":null}},"30":{"start":{"line":37,"column":2},"end":{"line":37,"column":null}},"31":{"start":{"line":38,"column":2},"end":{"line":38,"column":null}},"32":{"start":{"line":39,"column":2},"end":{"line":39,"column":null}},"33":{"start":{"line":40,"column":2},"end":{"line":40,"column":null}},"34":{"start":{"line":43,"column":0},"end":{"line":43,"column":null}},"35":{"start":{"line":44,"column":2},"end":{"line":44,"column":null}},"36":{"start":{"line":45,"column":2},"end":{"line":45,"column":null}},"37":{"start":{"line":46,"column":2},"end":{"line":46,"column":null}},"38":{"start":{"line":47,"column":2},"end":{"line":47,"column":null}},"39":{"start":{"line":48,"column":2},"end":{"line":48,"column":null}},"40":{"start":{"line":49,"column":2},"end":{"line":49,"column":null}},"41":{"start":{"line":50,"column":2},"end":{"line":50,"column":null}},"42":{"start":{"line":64,"column":0},"end":{"line":64,"column":null}},"43":{"start":{"line":65,"column":2},"end":{"line":65,"column":null}},"44":{"start":{"line":66,"column":2},"end":{"line":66,"column":null}},"45":{"start":{"line":105,"column":13},"end":{"line":127,"column":null}},"46":{"start":{"line":129,"column":13},"end":{"line":129,"column":null}},"47":{"start":{"line":131,"column":13},"end":{"line":138,"column":null}}},"fnMap":{"0":{"name":"(anonymous_0)","decl":{"start":{"line":1,"column":0},"end":{"line":1,"column":12}},"loc":{"start":{"line":1,"column":24},"end":{"line":8,"column":1}}},"1":{"name":"(anonymous_1)","decl":{"start":{"line":10,"column":0},"end":{"line":10,"column":12}},"loc":{"start":{"line":10,"column":22},"end":{"line":15,"column":1}}},"2":{"name":"(anonymous_2)","decl":{"start":{"line":19,"column":0},"end":{"line":19,"column":12}},"loc":{"start":{"line":19,"column":16},"end":{"line":41,"column":1}}},"3":{"name":"(anonymous_3)","decl":{"start":{"line":43,"column":0},"end":{"line":43,"column":12}},"loc":{"start":{"line":43,"column":19},"end":{"line":51,"column":1}}},"4":{"name":"(anonymous_4)","decl":{"start":{"line":64,"column":0},"end":{"line":64,"column":12}},"loc":{"start":{"line":64,"column":31},"end":{"line":67,"column":1}}}},"branchMap":{"0":{"loc":{"start":{"line":1,"column":12},"end":{"line":1,"column":24}},"type":"binary-expr","locations":[{"start":{"line":1,"column":12},"end":{"line":1,"column":24}},{"start":{"line":1,"column":12},"end":{"line":1,"column":null}}]},"1":{"loc":{"start":{"line":10,"column":12},"end":{"line":10,"column":22}},"type":"binary-expr","locations":[{"start":{"line":10,"column":12},"end":{"line":10,"column":22}},{"start":{"line":10,"column":12},"end":{"line":10,"column":null}}]},"2":{"loc":{"start":{"line":19,"column":12},"end":{"line":19,"column":16}},"type":"binary-expr","locations":[{"start":{"line":19,"column":12},"end":{"line":19,"column":16}},{"start":{"line":19,"column":12},"end":{"line":19,"column":null}}]},"3":{"loc":{"start":{"line":43,"column":12},"end":{"line":43,"column":19}},"type":"binary-expr","locations":[{"start":{"line":43,"column":12},"end":{"line":43,"column":19}},{"start":{"line":43,"column":12},"end":{"line":43,"column":null}}]},"4":{"loc":{"start":{"line":64,"column":12},"end":{"line":64,"column":31}},"type":"binary-expr","locations":[{"start":{"line":64,"column":12},"end":{"line":64,"column":31}},{"start":{"line":64,"column":12},"end":{"line":64,"column":null}}]}},"s":{"0":5,"1":5,"2":5,"3":5,"4":5,"5":5,"6":5,"7":5,"8":5,"9":5,"10":5,"11":5,"12":5,"13":5,"14":5,"15":5,"16":5,"17":5,"18":5,"19":5,"20":5,"21":5,"22":5,"23":5,"24":5,"25":5,"26":5,"27":5,"28":5,"29":5,"30":5,"31":5,"32":5,"33":5,"34":5,"35":5,"36":5,"37":5,"38":5,"39":5,"40":5,"41":5,"42":5,"43":5,"44":5,"45":5,"46":5,"47":5},"f":{"0":5,"1":5,"2":5,"3":5,"4":5},"b":{"0":[5,5],"1":[5,5],"2":[5,5],"3":[5,5],"4":[5,5]}}
,"D:\\Code\\music-stuff\\src\\test\\testUtils.ts": {"path":"D:\\Code\\music-stuff\\src\\test\\testUtils.ts","statementMap":{"0":{"start":{"line":2,"column":0},"end":{"line":2,"column":51}},"1":{"start":{"line":3,"column":0},"end":{"line":3,"column":46}},"2":{"start":{"line":4,"column":0},"end":{"line":4,"column":50}},"3":{"start":{"line":7,"column":16},"end":{"line":7,"column":40}},"4":{"start":{"line":8,"column":2},"end":{"line":8,"column":null}},"5":{"start":{"line":6,"column":0},"end":{"line":6,"column":16}},"6":{"start":{"line":11,"column":13},"end":{"line":14,"column":null}},"7":{"start":{"line":11,"column":73},"end":{"line":14,"column":1}},"8":{"start":{"line":12,"column":23},"end":{"line":12,"column":65}},"9":{"start":{"line":13,"column":2},"end":{"line":13,"column":null}},"10":{"start":{"line":17,"column":2},"end":{"line":17,"column":null}},"11":{"start":{"line":19,"column":16},"end":{"line":19,"column":75}},"12":{"start":{"line":20,"column":17},"end":{"line":20,"column":76}},"13":{"start":{"line":21,"column":17},"end":{"line":21,"column":76}},"14":{"start":{"line":23,"column":2},"end":{"line":23,"column":null}},"15":{"start":{"line":24,"column":2},"end":{"line":24,"column":null}},"16":{"start":{"line":25,"column":2},"end":{"line":25,"column":null}},"17":{"start":{"line":16,"column":0},"end":{"line":16,"column":16}},"18":{"start":{"line":30,"column":2},"end":{"line":40,"column":null}},"19":{"start":{"line":31,"column":4},"end":{"line":33,"column":null}},"20":{"start":{"line":32,"column":6},"end":{"line":32,"column":null}},"21":{"start":{"line":34,"column":4},"end":{"line":36,"column":null}},"22":{"start":{"line":35,"column":6},"end":{"line":35,"column":null}},"23":{"start":{"line":37,"column":4},"end":{"line":39,"column":null}},"24":{"start":{"line":38,"column":6},"end":{"line":38,"column":null}},"25":{"start":{"line":29,"column":0},"end":{"line":29,"column":16}}},"fnMap":{"0":{"name":"expectDistance","decl":{"start":{"line":6,"column":16},"end":{"line":6,"column":30}},"loc":{"start":{"line":6,"column":73},"end":{"line":9,"column":1}}},"1":{"name":"(anonymous_1)","decl":{"start":{"line":11,"column":29},"end":{"line":11,"column":30}},"loc":{"start":{"line":11,"column":73},"end":{"line":14,"column":1}}},"2":{"name":"(anonymous_2)","decl":{"start":{"line":11,"column":73},"end":{"line":11,"column":74}},"loc":{"start":{"line":11,"column":95},"end":{"line":14,"column":1}}},"3":{"name":"expectChord","decl":{"start":{"line":16,"column":16},"end":{"line":16,"column":27}},"loc":{"start":{"line":16,"column":45},"end":{"line":26,"column":1}}},"4":{"name":"testTriadGroup","decl":{"start":{"line":29,"column":16},"end":{"line":29,"column":30}},"loc":{"start":{"line":29,"column":63},"end":{"line":41,"column":1}}},"5":{"name":"(anonymous_5)","decl":{"start":{"line":30,"column":17},"end":{"line":30,"column":20}},"loc":{"start":{"line":30,"column":22},"end":{"line":40,"column":3}}},"6":{"name":"(anonymous_6)","decl":{"start":{"line":31,"column":43},"end":{"line":31,"column":46}},"loc":{"start":{"line":31,"column":48},"end":{"line":33,"column":5}}},"7":{"name":"(anonymous_7)","decl":{"start":{"line":34,"column":45},"end":{"line":34,"column":48}},"loc":{"start":{"line":34,"column":50},"end":{"line":36,"column":5}}},"8":{"name":"(anonymous_8)","decl":{"start":{"line":37,"column":46},"end":{"line":37,"column":49}},"loc":{"start":{"line":37,"column":51},"end":{"line":39,"column":5}}}},"branchMap":{"0":{"loc":{"start":{"line":13,"column":9},"end":{"line":13,"column":54}},"type":"binary-expr","locations":[{"start":{"line":13,"column":9},"end":{"line":13,"column":54}},{"start":{"line":13,"column":58},"end":{"line":13,"column":106}}]}},"s":{"0":2,"1":2,"2":2,"3":0,"4":0,"5":2,"6":2,"7":195,"8":546,"9":546,"10":41,"11":41,"12":41,"13":41,"14":41,"15":41,"16":41,"17":2,"18":12,"19":12,"20":12,"21":12,"22":12,"23":12,"24":12,"25":2},"f":{"0":0,"1":195,"2":546,"3":41,"4":12,"5":12,"6":12,"7":12,"8":12},"b":{"0":[546,206]}}
}
