TN:
SF:D:\Code\music-stuff\src\data\diminishedTriads.ts
FNF:0
FNH:0
DA:1,1
DA:2,1
DA:4,1
DA:34,1
DA:64,1
DA:94,1
DA:124,1
DA:142,1
LF:8
LH:8
BRF:0
BRH:0
end_of_record
TN:
SF:D:\Code\music-stuff\src\data\majorCagedChords.ts
FNF:0
FNH:0
DA:1,1
DA:2,1
DA:4,1
DA:16,1
DA:28,1
DA:41,1
DA:54,1
DA:65,1
LF:8
LH:8
BRF:0
BRH:0
end_of_record
TN:
SF:D:\Code\music-stuff\src\data\majorTriads.ts
FNF:0
FNH:0
DA:1,1
DA:2,1
DA:4,1
DA:34,1
DA:64,1
DA:94,1
DA:124,1
DA:142,1
LF:8
LH:8
BRF:0
BRH:0
end_of_record
TN:
SF:D:\Code\music-stuff\src\data\minorTriads.ts
FNF:0
FNH:0
DA:1,2
DA:2,2
DA:4,2
DA:34,2
DA:52,2
DA:70,2
DA:88,2
DA:106,2
LF:8
LH:8
BRF:0
BRH:0
end_of_record
TN:
SF:D:\Code\music-stuff\src\model\Chords.ts
FN:10,getChordNote
FN:14,getScaleChords
FN:15,(anonymous_3)
FN:26,isParentScale
FN:30,getChordKey
FN:41,getBassChordShape
FN:45,(anonymous_7)
FN:46,(anonymous_8)
FN:53,moveChordShape
FN:56,(anonymous_10)
FN:65,(anonymous_11)
FN:74,getChordKeyName
FNF:12
FNH:8
FNDA:80,getChordNote
FNDA:2,getScaleChords
FNDA:14,(anonymous_3)
FNDA:60,isParentScale
FNDA:38,getChordKey
FNDA:24,getBassChordShape
FNDA:72,(anonymous_7)
FNDA:72,(anonymous_8)
FNDA:0,moveChordShape
FNDA:0,(anonymous_10)
FNDA:0,(anonymous_11)
FNDA:0,getChordKeyName
DA:1,2
DA:2,2
DA:4,2
DA:5,2
DA:6,2
DA:7,2
DA:8,2
DA:10,2
DA:11,80
DA:14,2
DA:15,2
DA:16,14
DA:17,14
DA:18,14
DA:26,2
DA:27,60
DA:30,2
DA:31,38
DA:32,18
DA:33,20
DA:34,18
DA:35,2
DA:36,2
DA:38,0
DA:41,2
DA:42,24
DA:45,72
DA:46,72
DA:53,2
DA:54,0
DA:55,0
DA:56,0
DA:57,0
DA:58,0
DA:59,0
DA:61,0
DA:65,0
DA:71,0
DA:74,2
DA:75,0
LF:40
LH:29
BRDA:27,0,0,60
BRDA:27,0,1,60
BRDA:27,0,2,40
BRDA:31,1,0,18
BRDA:31,1,1,20
BRDA:33,2,0,18
BRDA:33,2,1,2
BRDA:35,3,0,2
BRDA:35,3,1,0
BRDA:45,4,0,72
BRDA:45,4,1,72
BRDA:53,5,0,0
BRDA:58,6,0,0
BRDA:58,6,1,0
BRDA:58,7,0,0
BRDA:58,7,1,0
BRDA:58,7,2,0
BRF:17
BRH:10
end_of_record
TN:
SF:D:\Code\music-stuff\src\model\Keys.ts
FN:7,getKeyTypeName
FN:11,getChordTypeName
FN:24,getKeyName
FN:28,getRandomKeyType
FN:32,getScaleDegree
FN:44,isRootScaleDegree
FN:48,getScaleDegreeName
FNF:7
FNH:1
FNDA:0,getKeyTypeName
FNDA:0,getChordTypeName
FNDA:0,getKeyName
FNDA:0,getRandomKeyType
FNDA:546,getScaleDegree
FNDA:0,isRootScaleDegree
FNDA:0,getScaleDegreeName
DA:1,2
DA:2,2
DA:3,2
DA:4,2
DA:5,2
DA:7,2
DA:8,0
DA:11,2
DA:12,0
DA:14,0
DA:16,0
DA:18,0
DA:20,0
DA:24,2
DA:25,0
DA:28,2
DA:29,0
DA:32,2
DA:33,546
DA:34,546
DA:35,546
DA:36,546
DA:41,0
DA:44,2
DA:45,0
DA:48,2
DA:49,0
DA:50,0
DA:52,0
LF:29
LH:16
BRDA:13,0,0,0
BRDA:13,0,1,0
BRDA:13,0,2,0
BRDA:13,0,3,0
BRDA:35,1,0,546
BRDA:35,1,1,0
BRDA:45,2,0,0
BRDA:45,2,1,0
BRDA:49,3,0,0
BRDA:49,3,1,0
BRF:10
BRH:1
end_of_record
TN:
SF:D:\Code\music-stuff\src\model\Notes.ts
FN:6,getNormalizedNote
FN:34,moveNote
FN:42,getDistanceBetweenNotes
FN:47,getRandomNote
FN:51,getExtendedRandomNote
FNF:5
FNH:3
FNDA:2103,getNormalizedNote
FNDA:710,moveNote
FNDA:6,getDistanceBetweenNotes
FNDA:0,getRandomNote
FNDA:0,getExtendedRandomNote
DA:1,5
DA:2,5
DA:3,5
DA:4,5
DA:6,5
DA:7,2103
DA:8,4
DA:10,2099
DA:12,1
DA:14,1
DA:16,1
DA:18,1
DA:20,1
DA:22,2
DA:24,1
DA:26,1
DA:28,1
DA:30,2089
DA:34,5
DA:35,710
DA:36,710
DA:37,710
DA:38,710
DA:39,710
DA:42,5
DA:43,6
DA:44,6
DA:47,5
DA:48,0
DA:51,5
DA:52,0
LF:31
LH:29
BRDA:7,0,0,4
BRDA:7,0,1,2099
BRDA:11,1,0,1
BRDA:11,1,1,1
BRDA:11,1,2,1
BRDA:11,1,3,1
BRDA:11,1,4,1
BRDA:11,1,5,2
BRDA:11,1,6,1
BRDA:11,1,7,1
BRDA:11,1,8,1
BRDA:11,1,9,2089
BRDA:37,2,0,706
BRDA:37,2,1,4
BRF:14
BRH:14
end_of_record
TN:
SF:D:\Code\music-stuff\src\model\Scales.ts
FN:19,(anonymous_0)
FN:27,(anonymous_1)
FN:27,(anonymous_2)
FN:29,(anonymous_3)
FN:44,(anonymous_4)
FNF:5
FNH:5
FNDA:2066,(anonymous_0)
FNDA:35,(anonymous_1)
FNDA:615,(anonymous_2)
FNDA:4305,(anonymous_3)
FNDA:546,(anonymous_4)
DA:1,5
DA:2,5
DA:4,5
DA:19,5
DA:20,2066
DA:21,2066
DA:22,2066
DA:23,2066
DA:24,2066
DA:27,35
DA:28,615
DA:29,4305
DA:30,615
DA:33,5
DA:34,5
DA:35,5
DA:36,5
DA:37,5
DA:38,5
DA:39,5
DA:41,5
DA:42,5
DA:44,5
DA:45,546
DA:47,150
DA:49,0
DA:51,0
DA:53,0
DA:55,0
DA:57,288
DA:59,108
LF:31
LH:27
BRDA:46,0,0,150
BRDA:46,0,1,0
BRDA:46,0,2,0
BRDA:46,0,3,0
BRDA:46,0,4,0
BRDA:46,0,5,288
BRDA:46,0,6,108
BRF:7
BRH:3
end_of_record
TN:
SF:D:\Code\music-stuff\src\model\Strings.ts
FN:4,getBassString
FN:22,getStringRootNote
FN:42,getNoteOnString
FNF:3
FNH:3
FNDA:72,getBassString
FNDA:628,getStringRootNote
FNDA:618,getNoteOnString
DA:1,3
DA:2,3
DA:4,3
DA:5,72
DA:7,12
DA:9,24
DA:11,24
DA:13,12
DA:16,0
DA:18,0
DA:22,3
DA:23,628
DA:27,114
DA:30,110
DA:33,152
DA:36,152
DA:38,100
DA:42,3
DA:43,618
LF:19
LH:17
BRDA:6,0,0,12
BRDA:6,0,1,24
BRDA:6,0,2,24
BRDA:6,0,3,12
BRDA:6,0,4,0
BRDA:6,0,5,0
BRDA:6,0,6,0
BRDA:24,1,0,55
BRDA:24,1,1,113
BRDA:24,1,2,114
BRDA:24,1,3,110
BRDA:24,1,4,110
BRDA:24,1,5,152
BRDA:24,1,6,152
BRDA:24,1,7,152
BRDA:24,1,8,152
BRDA:24,1,9,100
BRF:17
BRH:14
end_of_record
TN:
SF:D:\Code\music-stuff\src\model\models.ts
FN:1,(anonymous_0)
FN:10,(anonymous_1)
FN:19,(anonymous_2)
FN:43,(anonymous_3)
FN:64,(anonymous_4)
FNF:5
FNH:5
FNDA:5,(anonymous_0)
FNDA:5,(anonymous_1)
FNDA:5,(anonymous_2)
FNDA:5,(anonymous_3)
FNDA:5,(anonymous_4)
DA:1,5
DA:2,5
DA:3,5
DA:4,5
DA:5,5
DA:6,5
DA:7,5
DA:10,5
DA:11,5
DA:12,5
DA:13,5
DA:14,5
DA:19,5
DA:20,5
DA:21,5
DA:22,5
DA:23,5
DA:24,5
DA:25,5
DA:26,5
DA:27,5
DA:28,5
DA:29,5
DA:30,5
DA:31,5
DA:32,5
DA:33,5
DA:34,5
DA:35,5
DA:36,5
DA:37,5
DA:38,5
DA:39,5
DA:40,5
DA:43,5
DA:44,5
DA:45,5
DA:46,5
DA:47,5
DA:48,5
DA:49,5
DA:50,5
DA:64,5
DA:65,5
DA:66,5
DA:105,5
DA:129,5
DA:131,5
LF:48
LH:48
BRDA:1,0,0,5
BRDA:1,0,1,5
BRDA:10,1,0,5
BRDA:10,1,1,5
BRDA:19,2,0,5
BRDA:19,2,1,5
BRDA:43,3,0,5
BRDA:43,3,1,5
BRDA:64,4,0,5
BRDA:64,4,1,5
BRF:10
BRH:10
end_of_record
TN:
SF:D:\Code\music-stuff\src\test\testUtils.ts
FN:6,expectDistance
FN:11,(anonymous_1)
FN:11,(anonymous_2)
FN:16,expectChord
FN:29,testTriadGroup
FN:30,(anonymous_5)
FN:31,(anonymous_6)
FN:34,(anonymous_7)
FN:37,(anonymous_8)
FNF:9
FNH:8
FNDA:0,expectDistance
FNDA:195,(anonymous_1)
FNDA:546,(anonymous_2)
FNDA:41,expectChord
FNDA:12,testTriadGroup
FNDA:12,(anonymous_5)
FNDA:12,(anonymous_6)
FNDA:12,(anonymous_7)
FNDA:12,(anonymous_8)
DA:2,2
DA:3,2
DA:4,2
DA:6,2
DA:7,0
DA:8,0
DA:11,195
DA:12,546
DA:13,546
DA:16,2
DA:17,41
DA:19,41
DA:20,41
DA:21,41
DA:23,41
DA:24,41
DA:25,41
DA:29,2
DA:30,12
DA:31,12
DA:32,12
DA:34,12
DA:35,12
DA:37,12
DA:38,12
LF:25
LH:23
BRDA:13,0,0,546
BRDA:13,0,1,206
BRF:2
BRH:2
end_of_record
